2025-01-19 23:22:48,955 - INFO - Response for [Reading CSV file] - Data loaded successfully from Ai&DS.csv
2025-01-19 23:22:57,090 - INFO - Response for [Reading CSV file] - Data loaded successfully from Ai&DS.csv
2025-01-19 23:23:03,825 - INFO - Request for [browse] - Request for browse page received.
2025-01-19 23:23:20,316 - INFO - Request for [feedback] - Request for feedback page received.
2025-01-19 23:23:28,400 - INFO - Request for [community] - Request for community page received.
2025-01-19 23:23:33,073 - INFO - Request for [news] - Request for news page received.
2025-01-19 23:23:37,747 - INFO - Request for [open_website] - Request to redirect to external website received.
2025-01-20 09:18:21,164 - INFO - Response for [Reading CSV file] - Data loaded successfully from Ai&DS.csv
2025-01-20 09:18:27,747 - INFO - Response for [Reading CSV file] - Data loaded successfully from Ai&DS.csv
2025-01-20 09:19:42,990 - INFO - Request for [community] - Request for community page received.
2025-01-20 09:20:47,132 - INFO - Request for [chat] - Received message from hello every one i am here to help u: ok done
2025-01-20 09:20:47,428 - INFO - Response for [chat] - Message from hello every one i am here to help u stored in the database.
2025-01-20 09:20:47,433 - INFO - Request for [community] - Request for community page received.
2025-01-21 14:12:47,534 - INFO - Response for [Reading CSV file] - Data loaded successfully from Ai&DS.csv
2025-01-21 14:12:55,574 - INFO - Response for [Reading CSV file] - Data loaded successfully from Ai&DS.csv
2025-01-21 14:14:29,164 - INFO - Request for [browse] - Request for browse page received.
2025-01-21 14:14:29,400 - INFO - Request for [browse] - Request for browse page received.
2025-01-21 14:16:49,566 - INFO - Request for [browse] - Request for browse page received.
2025-01-22 20:11:11,100 - INFO - Response for [Reading CSV file] - Data loaded successfully from Ai&DS.csv
2025-01-22 20:11:36,480 - INFO - Response for [Reading CSV file] - Data loaded successfully from Ai&DS.csv
2025-01-23 15:09:21,671 - INFO - Response for [Reading CSV file] - Data loaded successfully from Ai&DS.csv
2025-01-23 15:09:28,232 - INFO - Response for [Reading CSV file] - Data loaded successfully from Ai&DS.csv
2025-01-23 15:38:27,027 - INFO - Request for [browse] - Request for browse page received.
2025-01-23 15:38:51,428 - INFO - Request for [feedback] - Request for feedback page received.
2025-01-23 15:40:56,232 - INFO - Request for [feedback] - Request for feedback page received.
2025-01-23 15:42:03,503 - INFO - Request for [feedback] - Request for feedback page received.
2025-01-23 15:43:06,110 - INFO - Request for [feedback] - Request for feedback page received.
2025-01-23 15:43:18,435 - INFO - Request for [feedback] - Request for feedback page received.
2025-01-23 15:45:28,247 - INFO - Request for [feedback] - Request for feedback page received.
2025-01-23 15:47:05,566 - INFO - Request for [feedback] - Request for feedback page received.
2025-01-23 15:47:46,459 - INFO - Request for [feedback] - Request for feedback page received.
2025-01-23 15:48:22,294 - INFO - Request for [feedback] - Request for feedback page received.
2025-01-23 15:48:36,979 - INFO - Request for [feedback] - Request for feedback page received.
2025-01-23 15:48:48,483 - INFO - Request for [feedback] - Request for feedback page received.
2025-01-23 15:49:10,318 - INFO - Request for [feedback] - Request for feedback page received.
2025-01-23 15:49:25,324 - INFO - Request for [feedback] - Request for feedback page received.
2025-01-23 15:50:13,467 - INFO - Request for [feedback] - Request for feedback page received.
2025-01-23 15:50:32,745 - INFO - Request for [feedback] - Request for feedback page received.
2025-01-23 15:50:42,112 - INFO - Request for [feedback] - Request for feedback page received.
2025-01-23 15:52:30,999 - INFO - Request for [feedback] - Request for feedback page received.
2025-01-23 15:54:00,749 - INFO - Request for [feedback] - Request for feedback page received.
2025-01-23 15:54:34,845 - INFO - Request for [feedback] - Request for feedback page received.
2025-01-23 15:55:19,123 - INFO - Request for [feedback] - Request for feedback page received.
2025-01-23 15:55:44,903 - INFO - Request for [feedback] - Request for feedback page received.
2025-01-23 15:56:43,247 - INFO - Request for [feedback] - Request for feedback page received.
2025-01-23 15:57:11,733 - INFO - Request for [feedback] - Request for feedback page received.
2025-01-23 15:57:41,060 - INFO - Request for [feedback] - Request for feedback page received.
2025-01-23 15:57:57,656 - INFO - Request for [feedback] - Request for feedback page received.
2025-01-23 15:58:51,447 - INFO - Request for [feedback] - Request for feedback page received.
2025-01-23 15:59:52,650 - INFO - Request for [feedback] - Request for feedback page received.
2025-01-23 16:04:14,973 - INFO - Request for [feedback] - Request for feedback page received.
2025-01-23 16:06:06,576 - INFO - Request for [feedback] - Request for feedback page received.
2025-01-23 16:07:01,247 - INFO - Request for [feedback] - Request for feedback page received.
2025-01-23 16:07:34,459 - INFO - Request for [feedback] - Request for feedback page received.
2025-01-23 16:08:24,089 - INFO - Request for [feedback] - Request for feedback page received.
2025-01-23 16:08:51,443 - INFO - Request for [feedback] - Request for feedback page received.
2025-01-23 16:11:05,987 - INFO - Request for [feedback] - Request for feedback page received.
2025-01-23 16:12:33,025 - INFO - Request for [feedback] - Request for feedback page received.
2025-01-23 16:13:22,586 - INFO - Request for [feedback] - Request for feedback page received.
2025-01-23 16:14:05,469 - INFO - Request for [feedback] - Request for feedback page received.
2025-01-23 16:15:45,956 - INFO - Request for [feedback] - Request for feedback page received.
2025-01-23 16:16:07,795 - INFO - Request for [feedback] - Request for feedback page received.
2025-01-23 16:18:04,388 - INFO - Request for [feedback] - Request for feedback page received.
2025-01-23 16:18:41,242 - INFO - Request for [feedback] - Request for feedback page received.
